<?xml version="1.0" encoding="utf-8"?><testsuites name="pytest tests"><testsuite name="pytest" errors="0" failures="2" skipped="0" tests="27" time="15.314" timestamp="2026-04-16T12:40:32.668579+00:00" hostname="agent-env-b49e2d7a-ee50-4d09-ab10-6bd75fb2fffd"><testcase classname="backend.tests.test_auth_admin.TestHealthCheck" name="test_api_health" time="0.222" /><testcase classname="backend.tests.test_auth_admin.TestUserRegistration" name="test_register_new_user" time="0.367" /><testcase classname="backend.tests.test_auth_admin.TestUserRegistration" name="test_register_duplicate_email" time="0.459" /><testcase classname="backend.tests.test_auth_admin.TestUserRegistration" name="test_register_short_password" time="0.158" /><testcase classname="backend.tests.test_auth_admin.TestUserRegistration" name="test_register_missing_email" time="0.167" /><testcase classname="backend.tests.test_auth_admin.TestUserLogin" name="test_login_valid_credentials" time="0.707" /><testcase classname="backend.tests.test_auth_admin.TestUserLogin" name="test_login_wrong_password" time="0.678" /><testcase classname="backend.tests.test_auth_admin.TestUserLogin" name="test_login_nonexistent_user" time="0.175" /><testcase classname="backend.tests.test_auth_admin.TestUserLogin" name="test_admin_login" time="0.339" /><testcase classname="backend.tests.test_auth_admin.TestAuthMe" name="test_auth_me_authenticated" time="0.405" /><testcase classname="backend.tests.test_auth_admin.TestAuthMe" name="test_auth_me_unauthenticated" time="0.116" /><testcase classname="backend.tests.test_auth_admin.TestLogout" name="test_logout_clears_cookies" time="0.435" /><testcase classname="backend.tests.test_auth_admin.TestProjectScoping" name="test_unauthenticated_projects_returns_401" time="0.151" /><testcase classname="backend.tests.test_auth_admin.TestProjectScoping" name="test_user_only_sees_own_projects" time="0.900" /><testcase classname="backend.tests.test_auth_admin.TestAdminEndpoints" name="test_admin_stats" time="0.406" /><testcase classname="backend.tests.test_auth_admin.TestAdminEndpoints" name="test_admin_list_users" time="0.422" /><testcase classname="backend.tests.test_auth_admin.TestAdminEndpoints" name="test_admin_update_user_plan" time="0.710" /><testcase classname="backend.tests.test_auth_admin.TestAdminEndpoints" name="test_admin_reset_credits" time="0.780" /><testcase classname="backend.tests.test_auth_admin.TestAdminEndpoints" name="test_admin_projects_list" time="0.381" /><testcase classname="backend.tests.test_auth_admin.TestAdminEndpoints" name="test_non_admin_cannot_access_admin_stats" time="0.395" /><testcase classname="backend.tests.test_auth_admin.TestAdminEndpoints" name="test_non_admin_cannot_access_admin_users" time="0.392" /><testcase classname="backend.tests.test_auth_admin.TestAdminEndpoints" name="test_non_admin_cannot_access_secrets" time="0.381" /><testcase classname="backend.tests.test_auth_admin.TestSecretsAdminOnly" name="test_admin_can_get_secrets_status" time="0.389" /><testcase classname="backend.tests.test_auth_admin.TestSecretsAdminOnly" name="test_admin_can_save_secret" time="0.383" /><testcase classname="backend.tests.test_auth_admin.TestSecretsAdminOnly" name="test_admin_can_delete_secret" time="0.438" /><testcase classname="backend.tests.test_auth_admin.TestBruteForceProtection" name="test_brute_force_lockout" time="2.398"><failure message="AssertionError: Expected 429 (rate limited), got 401&#10;assert 401 == 429&#10; +  where 401 = &lt;Response [401]&gt;.status_code">backend/tests/test_auth_admin.py:497: in test_brute_force_lockout
    assert response.status_code == 429, f"Expected 429 (rate limited), got {response.status_code}"
E   AssertionError: Expected 429 (rate limited), got 401
E   assert 401 == 429
E    +  where 401 = &lt;Response [401]&gt;.status_code</failure></testcase><testcase classname="backend.tests.test_auth_admin.TestBruteForceProtection" name="test_correct_password_after_lockout_still_blocked" time="2.410"><failure message="AssertionError: Expected 429, got 200&#10;assert 200 == 429&#10; +  where 200 = &lt;Response [200]&gt;.status_code">backend/tests/test_auth_admin.py:522: in test_correct_password_after_lockout_still_blocked
    assert response.status_code == 429, f"Expected 429, got {response.status_code}"
E   AssertionError: Expected 429, got 200
E   assert 200 == 429
E    +  where 200 = &lt;Response [200]&gt;.status_code</failure></testcase></testsuite></testsuites>