<?xml version="1.0" encoding="utf-8"?><testsuites name="pytest tests"><testsuite name="pytest" errors="0" failures="0" skipped="0" tests="13" time="5.213" timestamp="2026-04-16T08:17:38.781684+00:00" hostname="agent-env-b49e2d7a-ee50-4d09-ab10-6bd75fb2fffd"><testcase classname="backend.tests.test_secrets_api.TestSecretsAPI" name="test_health_check" time="0.519" /><testcase classname="backend.tests.test_secrets_api.TestSecretsAPI" name="test_get_secrets_status_initial" time="0.383" /><testcase classname="backend.tests.test_secrets_api.TestSecretsAPI" name="test_get_secrets_meta" time="0.459" /><testcase classname="backend.tests.test_secrets_api.TestSecretsAPI" name="test_save_secret_openai" time="0.456" /><testcase classname="backend.tests.test_secrets_api.TestSecretsAPI" name="test_save_secret_gemini" time="0.485" /><testcase classname="backend.tests.test_secrets_api.TestSecretsAPI" name="test_save_secret_missing_key" time="0.333" /><testcase classname="backend.tests.test_secrets_api.TestSecretsAPI" name="test_save_secret_missing_value" time="0.308" /><testcase classname="backend.tests.test_secrets_api.TestSecretsAPI" name="test_save_secret_invalid_key" time="0.295" /><testcase classname="backend.tests.test_secrets_api.TestSecretsAPI" name="test_delete_secret" time="0.681" /><testcase classname="backend.tests.test_secrets_api.TestSecretsAPI" name="test_save_and_update_secret" time="0.527" /><testcase classname="backend.tests.test_secrets_api.TestProjectsAPI" name="test_create_project" time="0.202" /><testcase classname="backend.tests.test_secrets_api.TestProjectsAPI" name="test_list_projects" time="0.100" /><testcase classname="backend.tests.test_secrets_api.TestProjectsAPI" name="test_project_workspace_loads" time="0.379" /></testsuite></testsuites>